TN:
SF:src\middleware\auth.js
FN:3,requireAuth
FN:22,requireAdmin
FN:31,requireOwnership
FN:32,ownershipCheck
FNF:4
FNH:4
FNDA:91,requireAuth
FNDA:20,requireAdmin
FNDA:42,requireOwnership
FNDA:24,ownershipCheck
DA:1,7
DA:4,91
DA:5,91
DA:6,91
DA:7,6
DA:9,85
DA:10,85
DA:11,83
DA:16,83
DA:18,2
DA:23,20
DA:24,4
DA:26,16
DA:32,42
DA:33,24
DA:34,24
DA:35,23
DA:36,20
DA:37,20
DA:38,8
DA:40,12
DA:41,12
DA:43,1
DA:48,7
LF:24
LH:24
BRDA:4,0,0,91
BRDA:4,0,1,4
BRDA:6,1,0,6
BRDA:6,1,1,85
BRDA:6,2,0,91
BRDA:6,2,1,86
BRDA:23,3,0,4
BRDA:23,3,1,16
BRDA:23,4,0,20
BRDA:23,4,1,19
BRDA:31,5,0,42
BRDA:35,6,0,3
BRDA:35,6,1,20
BRDA:36,7,0,19
BRDA:36,7,1,1
BRDA:37,8,0,8
BRDA:37,8,1,12
BRDA:37,9,0,20
BRDA:37,9,1,10
BRF:19
BRH:19
end_of_record
TN:
SF:src\middleware\errorHandler.js
FN:3,errorHandler
FNF:1
FNH:1
FNDA:12,errorHandler
DA:1,7
DA:4,12
DA:6,11
DA:7,2
DA:8,1
DA:10,1
DA:13,9
DA:18,9
DA:20,9
DA:23,7
LF:10
LH:10
BRDA:4,0,0,1
BRDA:4,0,1,11
BRDA:6,1,0,2
BRDA:6,1,1,9
BRDA:7,2,0,1
BRDA:7,2,1,1
BRDA:13,3,0,9
BRDA:13,3,1,4
BRDA:13,3,2,3
BRDA:13,3,3,2
BRDA:14,4,0,1
BRDA:14,4,1,3
BRDA:15,5,0,1
BRDA:15,5,1,2
BRDA:18,6,0,3
BRDA:18,6,1,6
BRDA:20,7,0,9
BRDA:20,7,1,1
BRF:18
BRH:18
end_of_record
TN:
SF:src\middleware\upload.js
FN:9,(anonymous_0)
FNF:1
FNH:1
FNDA:8,(anonymous_0)
DA:1,6
DA:3,6
DA:4,6
DA:6,6
DA:10,8
DA:11,1
DA:12,1
DA:13,1
DA:17,6
LF:9
LH:9
BRDA:4,0,0,6
BRDA:4,0,1,6
BRDA:10,1,0,7
BRDA:10,1,1,1
BRF:4
BRH:4
end_of_record
TN:
SF:src\middleware\validators.js
FN:4,runValidations
FN:5,validate
FNF:2
FNH:2
FNDA:110,runValidations
FNDA:84,validate
DA:1,7
DA:5,110
DA:6,84
DA:8,274
DA:10,84
DA:11,84
DA:12,24
DA:14,60
DA:18,7
LF:9
LH:9
BRDA:11,0,0,24
BRDA:11,0,1,60
BRF:2
BRH:2
end_of_record
TN:
SF:src\models\ClothingItem.js
FNF:0
FNH:0
DA:1,6
DA:3,6
DA:25,6
DA:27,6
LF:4
LH:4
BRF:0
BRH:0
end_of_record
TN:
SF:src\models\Collection.js
FNF:0
FNH:0
DA:1,6
DA:3,6
DA:10,6
DA:12,6
LF:4
LH:4
BRF:0
BRH:0
end_of_record
TN:
SF:src\models\Counter.js
FNF:0
FNH:0
DA:1,7
DA:5,7
DA:10,7
LF:3
LH:3
BRF:0
BRH:0
end_of_record
TN:
SF:src\models\Outfit.js
FNF:0
FNH:0
DA:1,6
DA:3,6
DA:17,6
DA:19,6
LF:4
LH:4
BRF:0
BRH:0
end_of_record
TN:
SF:src\models\User.js
FN:14,(anonymous_0)
FNF:1
FNH:1
FNDA:1,(anonymous_0)
DA:1,7
DA:3,7
DA:13,7
DA:15,1
DA:16,1
DA:20,7
LF:6
LH:6
BRF:0
BRH:0
end_of_record
TN:
SF:src\routes\auth.js
FN:33,(anonymous_0)
FN:68,(anonymous_1)
FNF:2
FNH:2
FNDA:4,(anonymous_0)
FNDA:1,(anonymous_1)
DA:1,6
DA:2,6
DA:3,6
DA:4,6
DA:5,6
DA:7,6
DA:8,6
DA:10,6
DA:11,6
DA:17,6
DA:19,6
DA:27,6
DA:34,4
DA:35,4
DA:36,4
DA:40,4
DA:41,4
DA:42,4
DA:44,2
DA:45,2
DA:47,2
DA:53,2
DA:58,0
DA:68,6
DA:69,1
DA:72,6
LF:26
LH:25
BRDA:11,0,0,6
BRDA:11,0,1,0
BRDA:40,1,0,3
BRDA:40,1,1,1
BRDA:42,2,0,2
BRDA:42,2,1,2
BRDA:42,3,0,4
BRDA:42,3,1,3
BRDA:50,4,0,2
BRDA:50,4,1,0
BRF:10
BRH:8
end_of_record
TN:
SF:src\routes\collections.js
FN:11,(anonymous_0)
FN:26,(anonymous_1)
FN:51,(anonymous_2)
FN:70,(anonymous_3)
FNF:4
FNH:4
FNDA:1,(anonymous_0)
FNDA:3,(anonymous_1)
FNDA:1,(anonymous_2)
FNDA:1,(anonymous_3)
DA:1,6
DA:2,6
DA:4,6
DA:5,6
DA:6,6
DA:7,6
DA:9,6
DA:11,6
DA:12,1
DA:13,1
DA:14,1
DA:15,0
DA:18,6
DA:27,3
DA:28,3
DA:29,3
DA:30,2
DA:36,2
DA:37,1
DA:41,6
DA:52,1
DA:53,1
DA:54,1
DA:55,1
DA:56,1
DA:57,0
DA:58,0
DA:60,1
DA:61,1
DA:62,0
DA:66,6
DA:71,1
DA:72,1
DA:73,1
DA:74,0
DA:78,6
LF:36
LH:31
BRDA:28,0,0,2
BRDA:28,0,1,1
BRDA:33,1,0,2
BRDA:33,1,1,1
BRDA:54,2,0,1
BRDA:54,2,1,0
BRDA:55,3,0,1
BRDA:55,3,1,0
BRDA:56,4,0,0
BRDA:56,4,1,1
BRF:10
BRH:7
end_of_record
TN:
SF:src\routes\items.js
FN:18,coerceBool
FN:28,escapeRegex
FN:33,parseJsonField
FN:39,buildFilter
FN:84,(anonymous_4)
FN:104,(anonymous_5)
FN:170,(anonymous_6)
FN:214,(anonymous_7)
FN:246,(anonymous_8)
FN:274,(anonymous_9)
FNF:10
FNH:10
FNDA:20,coerceBool
FNDA:4,escapeRegex
FNDA:12,parseJsonField
FNDA:5,buildFilter
FNDA:5,(anonymous_4)
FNDA:6,(anonymous_5)
FNDA:4,(anonymous_6)
FNDA:1,(anonymous_7)
FNDA:4,(anonymous_8)
FNDA:2,(anonymous_9)
DA:1,6
DA:2,6
DA:4,6
DA:5,6
DA:6,6
DA:7,6
DA:8,6
DA:9,6
DA:10,6
DA:11,6
DA:13,6
DA:19,20
DA:20,20
DA:21,2
DA:22,2
DA:23,0
DA:25,18
DA:29,4
DA:34,12
DA:35,4
DA:36,4
DA:40,5
DA:41,5
DA:48,5
DA:49,5
DA:50,1
DA:57,5
DA:58,1
DA:65,5
DA:66,0
DA:67,5
DA:68,1
DA:70,5
DA:71,5
DA:72,5
DA:75,6
DA:85,5
DA:86,5
DA:87,5
DA:88,0
DA:92,6
DA:105,6
DA:106,6
DA:107,6
DA:108,6
DA:110,6
DA:111,6
DA:112,6
DA:115,2
DA:116,2
DA:117,2
DA:118,4
DA:122,1
DA:127,1
DA:133,6
DA:147,6
DA:148,0
DA:152,6
DA:171,4
DA:172,4
DA:174,4
DA:175,4
DA:176,4
DA:177,4
DA:178,4
DA:179,4
DA:180,4
DA:181,4
DA:182,4
DA:184,4
DA:185,1
DA:186,1
DA:187,1
DA:188,1
DA:189,1
DA:190,3
DA:191,1
DA:192,1
DA:193,1
DA:198,1
DA:204,4
DA:205,4
DA:206,0
DA:210,6
DA:215,1
DA:216,1
DA:217,1
DA:218,1
DA:219,1
DA:223,1
DA:227,1
DA:231,1
DA:232,0
DA:243,6
DA:247,4
DA:248,4
DA:249,3
DA:250,3
DA:252,3
DA:253,3
DA:254,3
DA:256,1
DA:259,3
DA:264,0
DA:271,6
DA:275,2
DA:276,2
DA:277,1
DA:278,1
DA:279,0
DA:283,6
LF:111
LH:103
BRDA:19,0,0,0
BRDA:19,0,1,20
BRDA:19,1,0,20
BRDA:19,1,1,20
BRDA:20,2,0,2
BRDA:20,2,1,18
BRDA:22,3,0,2
BRDA:22,3,1,0
BRDA:22,4,0,2
BRDA:22,4,1,0
BRDA:22,4,2,0
BRDA:22,4,3,0
BRDA:23,5,0,0
BRDA:23,5,1,0
BRDA:23,6,0,0
BRDA:23,6,1,0
BRDA:23,6,2,0
BRDA:23,6,3,0
BRDA:23,6,4,0
BRDA:34,7,0,8
BRDA:34,7,1,4
BRDA:34,8,0,12
BRDA:34,8,1,4
BRDA:35,9,0,0
BRDA:35,9,1,4
BRDA:41,10,0,1
BRDA:41,10,1,4
BRDA:41,11,0,5
BRDA:41,11,1,1
BRDA:49,12,0,1
BRDA:49,12,1,4
BRDA:57,13,0,1
BRDA:57,13,1,4
BRDA:65,14,0,0
BRDA:65,14,1,5
BRDA:67,15,0,1
BRDA:67,15,1,4
BRDA:70,16,0,0
BRDA:70,16,1,5
BRDA:71,17,0,1
BRDA:71,17,1,4
BRDA:112,18,0,2
BRDA:112,18,1,4
BRDA:118,19,0,1
BRDA:118,19,1,3
BRDA:139,20,0,6
BRDA:139,20,1,5
BRDA:140,21,0,6
BRDA:140,21,1,5
BRDA:141,22,0,6
BRDA:141,22,1,5
BRDA:142,23,0,6
BRDA:142,23,1,5
BRDA:174,24,0,2
BRDA:174,24,1,2
BRDA:175,25,0,1
BRDA:175,25,1,3
BRDA:176,26,0,0
BRDA:176,26,1,4
BRDA:177,27,0,0
BRDA:177,27,1,4
BRDA:178,28,0,0
BRDA:178,28,1,4
BRDA:180,29,0,0
BRDA:180,29,1,4
BRDA:182,30,0,0
BRDA:182,30,1,4
BRDA:184,31,0,1
BRDA:184,31,1,3
BRDA:190,32,0,1
BRDA:190,32,1,2
BRDA:248,33,0,1
BRDA:248,33,1,3
BRDA:276,34,0,1
BRDA:276,34,1,1
BRF:75
BRH:55
end_of_record
TN:
SF:src\routes\outfits.js
FN:15,(anonymous_0)
FN:29,(anonymous_1)
FN:32,(anonymous_2)
FN:52,(anonymous_3)
FN:57,(anonymous_4)
FN:70,(anonymous_5)
FNF:6
FNH:6
FNDA:1,(anonymous_0)
FNDA:3,(anonymous_1)
FNDA:2,(anonymous_2)
FNDA:2,(anonymous_3)
FNDA:1,(anonymous_4)
FNDA:1,(anonymous_5)
DA:1,6
DA:2,6
DA:4,6
DA:5,6
DA:6,6
DA:7,6
DA:9,6
DA:13,6
DA:15,6
DA:16,1
DA:17,1
DA:18,1
DA:19,0
DA:22,6
DA:30,3
DA:31,3
DA:32,3
DA:33,2
DA:38,2
DA:39,1
DA:43,6
DA:53,2
DA:54,2
DA:55,2
DA:56,2
DA:57,1
DA:58,1
DA:60,2
DA:61,2
DA:62,0
DA:66,6
DA:71,1
DA:72,1
DA:73,1
DA:74,0
DA:78,6
LF:36
LH:33
BRDA:31,0,0,2
BRDA:31,0,1,1
BRDA:55,1,0,1
BRDA:55,1,1,1
BRDA:56,2,0,1
BRDA:56,2,1,1
BRF:6
BRH:6
end_of_record
TN:
SF:src\routes\users.js
FN:18,(anonymous_0)
FN:24,(anonymous_1)
FN:27,(anonymous_2)
FN:50,(anonymous_3)
FN:88,(anonymous_4)
FN:128,(anonymous_5)
FNF:6
FNH:6
FNDA:2,(anonymous_0)
FNDA:1,(anonymous_1)
FNDA:4,(anonymous_2)
FNDA:4,(anonymous_3)
FNDA:5,(anonymous_4)
FNDA:1,(anonymous_5)
DA:1,6
DA:2,6
DA:3,6
DA:5,6
DA:6,6
DA:7,6
DA:8,6
DA:9,6
DA:10,6
DA:11,6
DA:12,6
DA:14,6
DA:15,6
DA:16,6
DA:18,6
DA:19,2
DA:20,2
DA:21,2
DA:24,2
DA:26,2
DA:27,4
DA:38,0
DA:41,6
DA:51,4
DA:52,4
DA:53,4
DA:54,1
DA:56,3
DA:59,3
DA:61,1
DA:62,1
DA:63,1
DA:71,1
DA:80,0
DA:84,6
DA:89,5
DA:90,5
DA:91,1
DA:93,4
DA:94,4
DA:96,3
DA:97,2
DA:98,2
DA:99,1
DA:107,2
DA:108,2
DA:109,0
DA:110,0
DA:112,2
DA:113,2
DA:114,2
DA:116,2
DA:118,2
DA:119,2
DA:120,0
DA:124,6
DA:129,1
DA:130,1
DA:131,1
DA:132,0
DA:136,6
LF:61
LH:55
BRDA:15,0,0,6
BRDA:15,0,1,0
BRDA:16,1,0,6
BRDA:16,1,1,0
BRDA:35,2,0,4
BRDA:35,2,1,3
BRDA:53,3,0,1
BRDA:53,3,1,3
BRDA:59,4,0,2
BRDA:59,4,1,1
BRDA:68,5,0,1
BRDA:68,5,1,1
BRDA:90,6,0,1
BRDA:90,6,1,4
BRDA:94,7,0,1
BRDA:94,7,1,3
BRDA:96,8,0,2
BRDA:96,8,1,1
BRDA:98,9,0,1
BRDA:98,9,1,1
BRF:20
BRH:18
end_of_record
TN:
SF:src\routes\weather.js
FN:20,(anonymous_0)
FN:30,(anonymous_1)
FN:51,(anonymous_2)
FN:69,(anonymous_3)
FNF:4
FNH:4
FNDA:1,(anonymous_0)
FNDA:3,(anonymous_1)
FNDA:2,(anonymous_2)
FNDA:1,(anonymous_3)
DA:1,6
DA:2,6
DA:3,6
DA:5,6
DA:6,6
DA:7,6
DA:9,6
DA:15,6
DA:20,1
DA:24,6
DA:31,3
DA:33,3
DA:34,3
DA:35,3
DA:36,2
DA:37,1
DA:44,6
DA:52,2
DA:53,2
DA:54,2
DA:55,2
DA:56,2
DA:57,2
DA:58,0
DA:62,6
DA:70,1
DA:71,1
DA:72,1
DA:73,0
DA:77,6
LF:30
LH:28
BRDA:55,0,0,2
BRDA:55,0,1,1
BRF:2
BRH:2
end_of_record
TN:
SF:src\services\colorAnalyzer.js
FN:40,hexToRgb
FN:49,rgbToHex
FN:51,(anonymous_2)
FN:58,rgbToLab
FN:59,(anonymous_4)
FN:68,(anonymous_5)
FN:73,labDistance
FN:79,(anonymous_7)
FN:84,nearestPaletteLabel
FN:112,analyzePixels
FN:186,detectColor
FNF:11
FNH:10
FNDA:72,hexToRgb
FNDA:20,rgbToHex
FNDA:60,(anonymous_2)
FNDA:91,rgbToLab
FNDA:273,(anonymous_4)
FNDA:273,(anonymous_5)
FNDA:228,labDistance
FNDA:72,(anonymous_7)
FNDA:19,nearestPaletteLabel
FNDA:18,analyzePixels
FNDA:0,detectColor
DA:20,6
DA:25,6
DA:41,72
DA:42,72
DA:50,20
DA:51,60
DA:59,91
DA:60,273
DA:61,273
DA:63,91
DA:64,91
DA:65,91
DA:66,91
DA:67,91
DA:68,273
DA:69,91
DA:70,91
DA:74,228
DA:75,228
DA:79,6
DA:80,72
DA:81,72
DA:85,19
DA:86,19
DA:87,19
DA:88,19
DA:89,228
DA:90,228
DA:92,19
DA:113,18
DA:114,18
DA:115,18
DA:116,18
DA:123,18
DA:127,18
DA:130,18
DA:131,18
DA:133,18
DA:134,276
DA:135,4752
DA:136,4752
DA:137,4560
DA:138,4560
DA:139,4560
DA:140,4560
DA:141,4560
DA:142,4560
DA:143,19
DA:144,19
DA:146,4560
DA:147,4560
DA:148,19
DA:149,19
DA:151,4560
DA:152,4560
DA:153,4560
DA:154,4560
DA:155,4560
DA:159,18
DA:161,17
DA:162,17
DA:163,17
DA:164,19
DA:165,17
DA:166,17
DA:170,17
DA:171,17
DA:172,17
DA:174,17
DA:187,0
DA:190,0
DA:193,6
LF:72
LH:70
BRDA:61,0,0,5
BRDA:61,0,1,268
BRDA:68,1,0,270
BRDA:68,1,1,3
BRDA:90,2,0,63
BRDA:90,2,1,165
BRDA:114,3,0,18
BRDA:114,3,1,0
BRDA:116,4,0,18
BRDA:116,4,1,0
BRDA:136,5,0,192
BRDA:136,5,1,4560
BRDA:136,6,0,4752
BRDA:136,6,1,4688
BRDA:142,7,0,19
BRDA:142,7,1,4541
BRDA:147,8,0,19
BRDA:147,8,1,4541
BRDA:159,9,0,1
BRDA:159,9,1,17
BRDA:164,10,0,17
BRDA:164,10,1,2
BRDA:164,11,0,19
BRDA:164,11,1,2
BRF:24
BRH:22
end_of_record
TN:
SF:src\services\imageProcessor.js
FN:19,ensureUserDir
FN:30,toPngBuffer
FN:61,removeBackground
FN:103,deleteFileSafe
FN:132,commitStagedImage
FN:169,analyzeImage
FN:177,deleteUserUploadDir
FN:202,cleanupOrphanUploads
FN:237,(anonymous_8)
FNF:9
FNH:7
FNDA:9,ensureUserDir
FNDA:9,toPngBuffer
FNDA:9,removeBackground
FNDA:6,deleteFileSafe
FNDA:6,commitStagedImage
FNDA:2,analyzeImage
FNDA:2,deleteUserUploadDir
FNDA:0,cleanupOrphanUploads
FNDA:0,(anonymous_8)
DA:1,23
DA:2,23
DA:3,23
DA:4,23
DA:8,23
DA:10,23
DA:12,23
DA:17,23
DA:20,9
DA:21,9
DA:22,9
DA:39,9
DA:40,9
DA:41,9
DA:42,0
DA:48,9
DA:50,6
DA:52,3
DA:62,9
DA:63,9
DA:66,9
DA:70,9
DA:71,9
DA:73,9
DA:74,9
DA:83,9
DA:84,9
DA:85,9
DA:87,9
DA:88,9
DA:91,9
DA:92,9
DA:94,9
DA:104,6
DA:105,3
DA:106,3
DA:107,3
DA:112,3
DA:113,3
DA:114,3
DA:115,0
DA:116,0
DA:118,3
DA:119,3
DA:121,2
DA:122,1
DA:133,6
DA:135,5
DA:136,5
DA:137,1
DA:138,1
DA:139,1
DA:141,4
DA:142,4
DA:143,4
DA:144,4
DA:145,0
DA:146,0
DA:147,0
DA:149,4
DA:151,2
DA:152,2
DA:153,2
DA:156,2
DA:157,1
DA:158,1
DA:159,1
DA:170,2
DA:171,2
DA:178,2
DA:179,2
DA:180,2
DA:182,2
DA:183,0
DA:184,0
DA:186,2
DA:187,2
DA:189,0
DA:190,0
DA:203,0
DA:206,0
DA:207,0
DA:209,0
DA:210,0
DA:213,0
DA:214,0
DA:215,0
DA:217,0
DA:218,0
DA:219,0
DA:220,0
DA:223,0
DA:224,0
DA:227,0
DA:228,0
DA:229,0
DA:236,0
DA:237,0
DA:238,0
DA:239,0
DA:242,0
DA:243,0
DA:244,0
DA:246,0
DA:247,0
DA:250,0
DA:252,0
DA:253,0
DA:255,0
DA:256,0
DA:257,0
DA:259,0
DA:260,0
DA:266,0
DA:269,23
LF:115
LH:70
BRDA:12,0,0,23
BRDA:12,0,1,0
BRDA:17,1,0,23
BRDA:17,1,1,23
BRDA:41,2,0,0
BRDA:41,2,1,9
BRDA:41,3,0,9
BRDA:41,3,1,9
BRDA:41,4,0,9
BRDA:41,4,1,0
BRDA:41,5,0,9
BRDA:41,5,1,0
BRDA:48,6,0,6
BRDA:48,6,1,3
BRDA:104,7,0,3
BRDA:104,7,1,3
BRDA:106,8,0,3
BRDA:106,8,1,0
BRDA:114,9,0,0
BRDA:114,9,1,3
BRDA:114,10,0,3
BRDA:114,10,1,3
BRDA:121,11,0,1
BRDA:121,11,1,1
BRDA:133,12,0,1
BRDA:133,12,1,5
BRDA:136,13,0,1
BRDA:136,13,1,4
BRDA:144,14,0,0
BRDA:144,14,1,4
BRDA:156,15,0,1
BRDA:156,15,1,1
BRDA:182,16,0,0
BRDA:182,16,1,2
BRDA:182,17,0,2
BRDA:182,17,1,2
BRDA:189,18,0,0
BRDA:189,18,1,0
BRDA:202,19,0,0
BRDA:202,20,0,0
BRDA:209,21,0,0
BRDA:209,21,1,0
BRDA:218,22,0,0
BRDA:218,22,1,0
BRDA:238,23,0,0
BRDA:238,23,1,0
BRDA:239,24,0,0
BRDA:239,24,1,0
BRDA:247,25,0,0
BRDA:247,25,1,0
BRDA:250,26,0,0
BRDA:250,26,1,0
BRDA:253,27,0,0
BRDA:253,27,1,0
BRDA:259,28,0,0
BRDA:259,28,1,0
BRF:56
BRH:28
end_of_record
TN:
SF:src\services\weatherService.js
FN:7,fetchForecast
FN:27,summarizeDays
FN:54,(anonymous_2)
FN:63,fetchHourly
FN:80,(anonymous_4)
FN:98,geocode
FN:109,(anonymous_6)
FNF:7
FNH:7
FNDA:7,fetchForecast
FNDA:5,summarizeDays
FNDA:8,(anonymous_2)
FNDA:4,fetchHourly
FNDA:27,(anonymous_4)
FNDA:3,geocode
FNDA:2,(anonymous_6)
DA:1,17
DA:3,17
DA:4,17
DA:5,17
DA:8,7
DA:9,7
DA:10,7
DA:12,6
DA:13,6
DA:16,6
DA:17,1
DA:18,1
DA:19,1
DA:21,5
DA:22,5
DA:23,5
DA:24,5
DA:28,5
DA:29,5
DA:31,5
DA:32,12
DA:33,12
DA:34,8
DA:36,12
DA:38,12
DA:39,12
DA:40,12
DA:43,12
DA:44,12
DA:45,12
DA:46,12
DA:48,12
DA:49,8
DA:54,8
DA:64,4
DA:65,4
DA:66,4
DA:68,4
DA:69,4
DA:72,4
DA:73,1
DA:74,1
DA:75,1
DA:77,3
DA:78,3
DA:80,3
DA:81,27
DA:82,27
DA:83,27
DA:94,3
DA:95,3
DA:99,3
DA:100,3
DA:103,3
DA:104,1
DA:105,1
DA:106,1
DA:108,2
DA:109,2
DA:112,17
LF:60
LH:60
BRDA:5,0,0,17
BRDA:5,0,1,0
BRDA:10,1,0,1
BRDA:10,1,1,6
BRDA:16,2,0,1
BRDA:16,2,1,5
BRDA:28,3,0,5
BRDA:28,3,1,5
BRDA:28,3,2,5
BRDA:28,3,3,0
BRDA:33,4,0,8
BRDA:33,4,1,4
BRDA:38,5,0,12
BRDA:38,5,1,12
BRDA:39,6,0,12
BRDA:39,6,1,0
BRDA:39,7,0,12
BRDA:39,7,1,12
BRDA:43,8,0,12
BRDA:43,8,1,4
BRDA:44,9,0,12
BRDA:44,9,1,0
BRDA:45,10,0,12
BRDA:45,10,1,0
BRDA:45,11,0,12
BRDA:45,11,1,12
BRDA:48,12,0,8
BRDA:48,12,1,4
BRDA:48,13,0,12
BRDA:48,13,1,12
BRDA:48,13,2,12
BRDA:57,14,0,8
BRDA:57,14,1,0
BRDA:58,15,0,8
BRDA:58,15,1,0
BRDA:63,16,0,1
BRDA:66,17,0,0
BRDA:66,17,1,4
BRDA:72,18,0,1
BRDA:72,18,1,3
BRDA:78,19,0,3
BRDA:78,19,1,3
BRDA:78,19,2,3
BRDA:78,19,3,0
BRDA:81,20,0,27
BRDA:81,20,1,27
BRDA:81,20,2,0
BRDA:82,21,0,27
BRDA:82,21,1,25
BRDA:85,22,0,27
BRDA:85,22,1,1
BRDA:86,23,0,27
BRDA:86,23,1,26
BRDA:87,24,0,27
BRDA:87,24,1,26
BRDA:88,25,0,27
BRDA:88,25,1,26
BRDA:89,26,0,27
BRDA:89,26,1,2
BRDA:89,26,2,25
BRDA:90,27,0,27
BRDA:90,27,1,2
BRDA:90,27,2,25
BRDA:103,28,0,1
BRDA:103,28,1,2
BRF:65
BRH:55
end_of_record
TN:
SF:src\utils\itemOwnership.js
FN:8,assertItemsOwned
FNF:1
FNH:1
FNDA:7,assertItemsOwned
DA:1,6
DA:9,7
DA:10,5
DA:12,5
DA:13,5
DA:17,5
DA:18,2
DA:19,2
DA:20,2
DA:24,6
LF:10
LH:10
BRDA:9,0,0,2
BRDA:9,0,1,5
BRDA:9,1,0,7
BRDA:9,1,1,7
BRDA:10,2,0,0
BRDA:10,2,1,5
BRDA:17,3,0,2
BRDA:17,3,1,3
BRF:8
BRH:7
end_of_record
TN:
SF:src\utils\sequentialId.js
FN:3,nextSequentialId
FNF:1
FNH:1
FNDA:42,nextSequentialId
DA:1,7
DA:4,42
DA:9,42
DA:12,7
LF:4
LH:4
BRDA:3,0,0,41
BRF:1
BRH:1
end_of_record
